<<<<<<< HEAD
This is pdfTeX, Version 3.14159265-2.6-1.40.18 (MiKTeX 2.9.6300 64-bit) (preloaded format=pdflatex 2017.11.16)  8 NOV 2018 15:13
=======
This is pdfTeX, Version 3.14159265-2.6-1.40.19 (TeX Live 2018) (preloaded format=pdflatex 2018.10.11)  8 NOV 2018 15:24
>>>>>>> d4d7fada1e4c2b3a6594ea81a9d096b5e1bce25c
entering extended mode
 restricted \write18 enabled.
 %&-line parsing enabled.
**finaal.tex
(./finaal.tex
LaTeX2e <2018-04-01> patch level 2
Babel <3.18> and hyphenation patterns for 84 language(s) loaded.
(/usr/local/texlive/2018/texmf-dist/tex/latex/base/article.cls
Document Class: article 2014/09/29 v1.4h Standard LaTeX document class
<<<<<<< HEAD
("C:\Program Files\MiKTeX 2.9\tex\latex\base\size10.clo"
=======
(/usr/local/texlive/2018/texmf-dist/tex/latex/base/size10.clo
>>>>>>> d4d7fada1e4c2b3a6594ea81a9d096b5e1bce25c
File: size10.clo 2014/09/29 v1.4h Standard LaTeX file (size option)
)
\c@part=\count80
\c@section=\count81
\c@subsection=\count82
\c@subsubsection=\count83
\c@paragraph=\count84
\c@subparagraph=\count85
\c@figure=\count86
\c@table=\count87
\abovecaptionskip=\skip41
\belowcaptionskip=\skip42
\bibindent=\dimen102
)
<<<<<<< HEAD
("C:\Program Files\MiKTeX 2.9\tex\latex\geometry\geometry.sty"
Package: geometry 2010/09/12 v5.6 Page Geometry
=======
(/usr/local/texlive/2018/texmf-dist/tex/latex/geometry/geometry.sty
Package: geometry 2018/03/24 v5.7 Page Geometry
>>>>>>> d4d7fada1e4c2b3a6594ea81a9d096b5e1bce25c

(/usr/local/texlive/2018/texmf-dist/tex/latex/graphics/keyval.sty
Package: keyval 2014/10/28 v1.15 key=value parser (DPC)
\KV@toks@=\toks14
)
(/usr/local/texlive/2018/texmf-dist/tex/generic/oberdiek/ifpdf.sty
Package: ifpdf 2017/03/15 v3.2 Provides the ifpdf switch
)
(/usr/local/texlive/2018/texmf-dist/tex/generic/oberdiek/ifvtex.sty
Package: ifvtex 2016/05/16 v1.6 Detect VTeX and its facilities (HO)
Package ifvtex Info: VTeX not detected.
)
<<<<<<< HEAD
("C:\Program Files\MiKTeX 2.9\tex\generic\ifxetex\ifxetex.sty"
=======
(/usr/local/texlive/2018/texmf-dist/tex/generic/ifxetex/ifxetex.sty
>>>>>>> d4d7fada1e4c2b3a6594ea81a9d096b5e1bce25c
Package: ifxetex 2010/09/12 v0.6 Provides ifxetex conditional
)
\Gm@cnth=\count88
\Gm@cntv=\count89
\c@Gm@tempcnt=\count90
\Gm@bindingoffset=\dimen103
\Gm@wd@mp=\dimen104
\Gm@odd@mp=\dimen105
\Gm@even@mp=\dimen106
\Gm@layoutwidth=\dimen107
\Gm@layoutheight=\dimen108
\Gm@layouthoffset=\dimen109
\Gm@layoutvoffset=\dimen110
\Gm@dimlist=\toks15
<<<<<<< HEAD

("C:\Program Files\MiKTeX 2.9\tex\latex\geometry\geometry.cfg"))
("C:\Program Files\MiKTeX 2.9\tex\latex\pdfpages\pdfpages.sty"
Package: pdfpages 2017/01/14 v0.5h Insert pages of external PDF documents (AM)

("C:\Program Files\MiKTeX 2.9\tex\latex\base\ifthen.sty"
Package: ifthen 2014/09/29 v1.1c Standard LaTeX ifthen package (DPC)
)
("C:\Program Files\MiKTeX 2.9\tex\latex\tools\calc.sty"
Package: calc 2014/10/28 v4.3 Infix arithmetic (KKT,FJ)
\calc@Acount=\count90
\calc@Bcount=\count91
=======
)
(/usr/local/texlive/2018/texmf-dist/tex/latex/pdfpages/pdfpages.sty
Package: pdfpages 2017/10/31 v0.5l Insert pages of external PDF documents (AM)

(/usr/local/texlive/2018/texmf-dist/tex/latex/base/ifthen.sty
Package: ifthen 2014/09/29 v1.1c Standard LaTeX ifthen package (DPC)
)
(/usr/local/texlive/2018/texmf-dist/tex/latex/tools/calc.sty
Package: calc 2017/05/25 v4.3 Infix arithmetic (KKT,FJ)
\calc@Acount=\count91
\calc@Bcount=\count92
>>>>>>> d4d7fada1e4c2b3a6594ea81a9d096b5e1bce25c
\calc@Adimen=\dimen111
\calc@Bdimen=\dimen112
\calc@Askip=\skip43
\calc@Bskip=\skip44
LaTeX Info: Redefining \setlength on input line 80.
LaTeX Info: Redefining \addtolength on input line 81.
\calc@Ccount=\count93
\calc@Cskip=\skip45
)
<<<<<<< HEAD
("C:\Program Files\MiKTeX 2.9\tex\latex\eso-pic\eso-pic.sty"
Package: eso-pic 2015/07/21 v2.0g eso-pic (RN)

("C:\Program Files\MiKTeX 2.9\tex\generic\oberdiek\atbegshi.sty"
Package: atbegshi 2016/06/09 v1.18 At begin shipout hook (HO)

("C:\Program Files\MiKTeX 2.9\tex\generic\oberdiek\infwarerr.sty"
Package: infwarerr 2016/05/16 v1.4 Providing info/warning/error messages (HO)
)
("C:\Program Files\MiKTeX 2.9\tex\generic\oberdiek\ltxcmds.sty"
Package: ltxcmds 2016/05/16 v1.23 LaTeX kernel commands for general use (HO)
))
("C:\Program Files\MiKTeX 2.9\tex\latex\xcolor\xcolor.sty"
Package: xcolor 2016/05/11 v2.12 LaTeX color extensions (UK)

("C:\Program Files\MiKTeX 2.9\tex\latex\graphics-cfg\color.cfg"
=======
(/usr/local/texlive/2018/texmf-dist/tex/latex/eso-pic/eso-pic.sty
Package: eso-pic 2015/07/21 v2.0g eso-pic (RN)

(/usr/local/texlive/2018/texmf-dist/tex/generic/oberdiek/atbegshi.sty
Package: atbegshi 2016/06/09 v1.18 At begin shipout hook (HO)

(/usr/local/texlive/2018/texmf-dist/tex/generic/oberdiek/infwarerr.sty
Package: infwarerr 2016/05/16 v1.4 Providing info/warning/error messages (HO)
)
(/usr/local/texlive/2018/texmf-dist/tex/generic/oberdiek/ltxcmds.sty
Package: ltxcmds 2016/05/16 v1.23 LaTeX kernel commands for general use (HO)
))
(/usr/local/texlive/2018/texmf-dist/tex/latex/xcolor/xcolor.sty
Package: xcolor 2016/05/11 v2.12 LaTeX color extensions (UK)

(/usr/local/texlive/2018/texmf-dist/tex/latex/graphics-cfg/color.cfg
>>>>>>> d4d7fada1e4c2b3a6594ea81a9d096b5e1bce25c
File: color.cfg 2016/01/02 v1.6 sample color configuration
)
Package xcolor Info: Driver file: pdftex.def on input line 225.

<<<<<<< HEAD
("C:\Program Files\MiKTeX 2.9\tex\latex\graphics-def\pdftex.def"
File: pdftex.def 2017/01/12 v0.06k Graphics/color for pdfTeX
\Gread@gobject=\count93
=======
(/usr/local/texlive/2018/texmf-dist/tex/latex/graphics-def/pdftex.def
File: pdftex.def 2018/01/08 v1.0l Graphics/color driver for pdftex
>>>>>>> d4d7fada1e4c2b3a6594ea81a9d096b5e1bce25c
)
Package xcolor Info: Model `cmy' substituted by `cmy0' on input line 1348.
Package xcolor Info: Model `hsb' substituted by `rgb' on input line 1352.
Package xcolor Info: Model `RGB' extended on input line 1364.
Package xcolor Info: Model `HTML' substituted by `rgb' on input line 1366.
Package xcolor Info: Model `Hsb' substituted by `hsb' on input line 1367.
Package xcolor Info: Model `tHsb' substituted by `hsb' on input line 1368.
Package xcolor Info: Model `HSB' substituted by `hsb' on input line 1369.
Package xcolor Info: Model `Gray' substituted by `gray' on input line 1370.
Package xcolor Info: Model `wave' substituted by `hsb' on input line 1371.
))
<<<<<<< HEAD
("C:\Program Files\MiKTeX 2.9\tex\latex\graphics\graphicx.sty"
Package: graphicx 2014/10/28 v1.0g Enhanced LaTeX Graphics (DPC,SPQR)

("C:\Program Files\MiKTeX 2.9\tex\latex\graphics\graphics.sty"
Package: graphics 2017/04/14 v1.1b Standard LaTeX Graphics (DPC,SPQR)

("C:\Program Files\MiKTeX 2.9\tex\latex\graphics\trig.sty"
Package: trig 2016/01/03 v1.10 sin cos tan (DPC)
)
("C:\Program Files\MiKTeX 2.9\tex\latex\graphics-cfg\graphics.cfg"
=======
(/usr/local/texlive/2018/texmf-dist/tex/latex/graphics/graphicx.sty
Package: graphicx 2017/06/01 v1.1a Enhanced LaTeX Graphics (DPC,SPQR)

(/usr/local/texlive/2018/texmf-dist/tex/latex/graphics/graphics.sty
Package: graphics 2017/06/25 v1.2c Standard LaTeX Graphics (DPC,SPQR)

(/usr/local/texlive/2018/texmf-dist/tex/latex/graphics/trig.sty
Package: trig 2016/01/03 v1.10 sin cos tan (DPC)
)
(/usr/local/texlive/2018/texmf-dist/tex/latex/graphics-cfg/graphics.cfg
>>>>>>> d4d7fada1e4c2b3a6594ea81a9d096b5e1bce25c
File: graphics.cfg 2016/06/04 v1.11 sample graphics configuration
)
Package graphics Info: Driver file: pdftex.def on input line 99.
)
\Gin@req@height=\dimen113
\Gin@req@width=\dimen114
)
\AM@pagewidth=\dimen115
\AM@pageheight=\dimen116

<<<<<<< HEAD
("C:\Program Files\MiKTeX 2.9\tex\latex\pdfpages\pppdftex.def"
File: pppdftex.def 2017/01/14 v0.5h Pdfpages driver for pdfTeX (AM)
=======
(/usr/local/texlive/2018/texmf-dist/tex/latex/pdfpages/pppdftex.def
File: pppdftex.def 2017/10/31 v0.5l Pdfpages driver for pdfTeX (AM)
>>>>>>> d4d7fada1e4c2b3a6594ea81a9d096b5e1bce25c
)
\AM@pagebox=\box26
\AM@global@opts=\toks16
\AM@toc@title=\toks17
\c@AM@survey=\count94
\AM@templatesizebox=\box27
)
<<<<<<< HEAD
("C:\Program Files\MiKTeX 2.9\tex\latex\cite\cite.sty"
=======
(/usr/local/texlive/2018/texmf-dist/tex/latex/cite/cite.sty
>>>>>>> d4d7fada1e4c2b3a6594ea81a9d096b5e1bce25c
LaTeX Info: Redefining \cite on input line 302.
LaTeX Info: Redefining \nocite on input line 332.
Package: cite 2015/02/27  v 5.5
)
<<<<<<< HEAD
("C:\Program Files\MiKTeX 2.9\tex\latex\eurosym\eurosym.sty"
Package: eurosym 1998/08/06 v1.1 European currency symbol ``Euro''
\@eurobox=\box28
)
("C:\Program Files\MiKTeX 2.9\tex\latex\base\inputenc.sty"
Package: inputenc 2015/03/17 v1.2c Input encoding file
=======
(/usr/local/texlive/2018/texmf-dist/tex/latex/eurosym/eurosym.sty
Package: eurosym 1998/08/06 v1.1 European currency symbol ``Euro''
\@eurobox=\box28
)
(/usr/local/texlive/2018/texmf-dist/tex/latex/base/inputenc.sty
Package: inputenc 2018/04/06 v1.3b Input encoding file
>>>>>>> d4d7fada1e4c2b3a6594ea81a9d096b5e1bce25c
\inpenc@prehook=\toks18
\inpenc@posthook=\toks19
)
<<<<<<< HEAD
Now handling font encoding OMS ...
... processing UTF-8 mapping file for font encoding OMS

("C:\Program Files\MiKTeX 2.9\tex\latex\base\omsenc.dfu"
File: omsenc.dfu 2017/01/28 v1.1t UTF-8 support for inputenc
   defining Unicode char U+00A7 (decimal 167)
   defining Unicode char U+00B6 (decimal 182)
   defining Unicode char U+00B7 (decimal 183)
   defining Unicode char U+2020 (decimal 8224)
   defining Unicode char U+2021 (decimal 8225)
   defining Unicode char U+2022 (decimal 8226)
)
Now handling font encoding OMX ...
... no UTF-8 mapping file for font encoding OMX
Now handling font encoding U ...
... no UTF-8 mapping file for font encoding U
   defining Unicode char U+00A9 (decimal 169)
   defining Unicode char U+00AA (decimal 170)
   defining Unicode char U+00AE (decimal 174)
   defining Unicode char U+00BA (decimal 186)
   defining Unicode char U+02C6 (decimal 710)
   defining Unicode char U+02DC (decimal 732)
   defining Unicode char U+200C (decimal 8204)
   defining Unicode char U+2026 (decimal 8230)
   defining Unicode char U+2122 (decimal 8482)
   defining Unicode char U+2423 (decimal 9251)
))
("C:\Program Files\MiKTeX 2.9\tex\latex\amsfonts\amssymb.sty"
Package: amssymb 2013/01/14 v3.01 AMS font symbols

("C:\Program Files\MiKTeX 2.9\tex\latex\amsfonts\amsfonts.sty"
=======
(/usr/local/texlive/2018/texmf-dist/tex/latex/amsfonts/amssymb.sty
Package: amssymb 2013/01/14 v3.01 AMS font symbols

(/usr/local/texlive/2018/texmf-dist/tex/latex/amsfonts/amsfonts.sty
>>>>>>> d4d7fada1e4c2b3a6594ea81a9d096b5e1bce25c
Package: amsfonts 2013/01/14 v3.01 Basic AMSFonts support
\@emptytoks=\toks20
\symAMSa=\mathgroup4
\symAMSb=\mathgroup5
LaTeX Font Info:    Overwriting math alphabet `\mathfrak' in version `bold'
(Font)                  U/euf/m/n --> U/euf/b/n on input line 106.
))
<<<<<<< HEAD
("C:\Program Files\MiKTeX 2.9\tex\latex\amsmath\amsmath.sty"
Package: amsmath 2016/11/05 v2.16a AMS math features
\@mathmargin=\skip46

For additional information on amsmath, use the `?' option.
("C:\Program Files\MiKTeX 2.9\tex\latex\amsmath\amstext.sty"
Package: amstext 2000/06/29 v2.01 AMS text

("C:\Program Files\MiKTeX 2.9\tex\latex\amsmath\amsgen.sty"
=======
(/usr/local/texlive/2018/texmf-dist/tex/latex/amsmath/amsmath.sty
Package: amsmath 2017/09/02 v2.17a AMS math features
\@mathmargin=\skip46

For additional information on amsmath, use the `?' option.
(/usr/local/texlive/2018/texmf-dist/tex/latex/amsmath/amstext.sty
Package: amstext 2000/06/29 v2.01 AMS text

(/usr/local/texlive/2018/texmf-dist/tex/latex/amsmath/amsgen.sty
>>>>>>> d4d7fada1e4c2b3a6594ea81a9d096b5e1bce25c
File: amsgen.sty 1999/11/30 v2.0 generic functions
\@emptytoks=\toks21
\ex@=\dimen117
))
<<<<<<< HEAD
("C:\Program Files\MiKTeX 2.9\tex\latex\amsmath\amsbsy.sty"
Package: amsbsy 1999/11/29 v1.2d Bold Symbols
\pmbraise@=\dimen118
)
("C:\Program Files\MiKTeX 2.9\tex\latex\amsmath\amsopn.sty"
=======
(/usr/local/texlive/2018/texmf-dist/tex/latex/amsmath/amsbsy.sty
Package: amsbsy 1999/11/29 v1.2d Bold Symbols
\pmbraise@=\dimen118
)
(/usr/local/texlive/2018/texmf-dist/tex/latex/amsmath/amsopn.sty
>>>>>>> d4d7fada1e4c2b3a6594ea81a9d096b5e1bce25c
Package: amsopn 2016/03/08 v2.02 operator names
)
\inf@bad=\count95
LaTeX Info: Redefining \frac on input line 213.
\uproot@=\count96
\leftroot@=\count97
LaTeX Info: Redefining \overline on input line 375.
\classnum@=\count98
\DOTSCASE@=\count99
LaTeX Info: Redefining \ldots on input line 472.
LaTeX Info: Redefining \dots on input line 475.
LaTeX Info: Redefining \cdots on input line 596.
\Mathstrutbox@=\box29
\strutbox@=\box30
\big@size=\dimen119
LaTeX Font Info:    Redeclaring font encoding OML on input line 712.
LaTeX Font Info:    Redeclaring font encoding OMS on input line 713.
\macc@depth=\count100
\c@MaxMatrixCols=\count101
\dotsspace@=\muskip10
\c@parentequation=\count102
\dspbrk@lvl=\count103
\tag@help=\toks22
\row@=\count104
\column@=\count105
\maxfields@=\count106
\andhelp@=\toks23
\eqnshift@=\dimen120
\alignsep@=\dimen121
\tagshift@=\dimen122
\tagwidth@=\dimen123
\totwidth@=\dimen124
\lineht@=\dimen125
\@envbody=\toks24
\multlinegap=\skip47
\multlinetaggap=\skip48
\mathdisplay@stack=\toks25
LaTeX Info: Redefining \[ on input line 2817.
LaTeX Info: Redefining \] on input line 2818.
)
<<<<<<< HEAD
("C:\Program Files\MiKTeX 2.9\tex\latex\tools\array.sty"
Package: array 2016/10/06 v2.4d Tabular extension package (FMi)
=======
(/usr/local/texlive/2018/texmf-dist/tex/latex/tools/array.sty
Package: array 2018/04/07 v2.4g Tabular extension package (FMi)
>>>>>>> d4d7fada1e4c2b3a6594ea81a9d096b5e1bce25c
\col@sep=\dimen126
\ar@mcellbox=\box31
\extrarowheight=\dimen127
\NC@list=\toks26
\extratabsurround=\skip49
\backup@length=\skip50
\ar@cellbox=\box32
)
<<<<<<< HEAD
("C:\Program Files\MiKTeX 2.9\tex\latex\breakurl\breakurl.sty"
Package: breakurl 2013/04/10 v1.40 Breakable hyperref URLs

("C:\Program Files\MiKTeX 2.9\tex\latex\xkeyval\xkeyval.sty"
Package: xkeyval 2014/12/03 v2.7a package option processing (HA)

("C:\Program Files\MiKTeX 2.9\tex\generic\xkeyval\xkeyval.tex"
("C:\Program Files\MiKTeX 2.9\tex\generic\xkeyval\xkvutils.tex"
=======
(/usr/local/texlive/2018/texmf-dist/tex/latex/breakurl/breakurl.sty
Package: breakurl 2013/04/10 v1.40 Breakable hyperref URLs

(/usr/local/texlive/2018/texmf-dist/tex/latex/xkeyval/xkeyval.sty
Package: xkeyval 2014/12/03 v2.7a package option processing (HA)

(/usr/local/texlive/2018/texmf-dist/tex/generic/xkeyval/xkeyval.tex
(/usr/local/texlive/2018/texmf-dist/tex/generic/xkeyval/xkvutils.tex
>>>>>>> d4d7fada1e4c2b3a6594ea81a9d096b5e1bce25c
\XKV@toks=\toks27
\XKV@tempa@toks=\toks28
)
\XKV@depth=\count107
File: xkeyval.tex 2014/12/03 v2.7a key=value parser (HA)
))

Package breakurl Warning: You are using breakurl while processing via pdflatex.

(breakurl)                \burl will be just a synonym of \url.
(breakurl)                 on input line 48.

<<<<<<< HEAD
) ("C:\Program Files\MiKTeX 2.9\tex\latex\hyperref\hyperref.sty"
Package: hyperref 2017/03/14 v6.85a Hypertext links for LaTeX

("C:\Program Files\MiKTeX 2.9\tex\generic\oberdiek\hobsub-hyperref.sty"
Package: hobsub-hyperref 2016/05/16 v1.14 Bundle oberdiek, subset hyperref (HO)


("C:\Program Files\MiKTeX 2.9\tex\generic\oberdiek\hobsub-generic.sty"
=======
) (/usr/local/texlive/2018/texmf-dist/tex/latex/hyperref/hyperref.sty
Package: hyperref 2018/02/06 v6.86b Hypertext links for LaTeX

(/usr/local/texlive/2018/texmf-dist/tex/generic/oberdiek/hobsub-hyperref.sty
Package: hobsub-hyperref 2016/05/16 v1.14 Bundle oberdiek, subset hyperref (HO)


(/usr/local/texlive/2018/texmf-dist/tex/generic/oberdiek/hobsub-generic.sty
>>>>>>> d4d7fada1e4c2b3a6594ea81a9d096b5e1bce25c
Package: hobsub-generic 2016/05/16 v1.14 Bundle oberdiek, subset generic (HO)
Package: hobsub 2016/05/16 v1.14 Construct package bundles (HO)
Package hobsub Info: Skipping package `infwarerr' (already loaded).
Package hobsub Info: Skipping package `ltxcmds' (already loaded).
Package: ifluatex 2016/05/16 v1.4 Provides the ifluatex switch (HO)
Package ifluatex Info: LuaTeX not detected.
Package hobsub Info: Skipping package `ifvtex' (already loaded).
Package: intcalc 2016/05/16 v1.2 Expandable calculations with integers (HO)
Package hobsub Info: Skipping package `ifpdf' (already loaded).
Package: etexcmds 2016/05/16 v1.6 Avoid name clashes with e-TeX commands (HO)
Package etexcmds Info: Could not find \expanded.
(etexcmds)             That can mean that you are not using pdfTeX 1.50 or
(etexcmds)             that some package has redefined \expanded.
(etexcmds)             In the latter case, load this package earlier.
Package: kvsetkeys 2016/05/16 v1.17 Key value parser (HO)
Package: kvdefinekeys 2016/05/16 v1.4 Define keys (HO)
<<<<<<< HEAD
Package: pdftexcmds 2017/03/19 v0.25 Utility functions of pdfTeX for LuaTeX (HO
=======
Package: pdftexcmds 2018/01/30 v0.27 Utility functions of pdfTeX for LuaTeX (HO
>>>>>>> d4d7fada1e4c2b3a6594ea81a9d096b5e1bce25c
)
Package pdftexcmds Info: LuaTeX not detected.
Package pdftexcmds Info: \pdf@primitive is available.
Package pdftexcmds Info: \pdf@ifprimitive is available.
Package pdftexcmds Info: \pdfdraftmode found.
Package: pdfescape 2016/05/16 v1.14 Implements pdfTeX's escape features (HO)
Package: bigintcalc 2016/05/16 v1.4 Expandable calculations on big integers (HO
)
Package: bitset 2016/05/16 v1.2 Handle bit-vector datatype (HO)
Package: uniquecounter 2016/05/16 v1.3 Provide unlimited unique counter (HO)
)
Package hobsub Info: Skipping package `hobsub' (already loaded).
Package: letltxmacro 2016/05/16 v1.5 Let assignment for LaTeX macros (HO)
Package: hopatch 2016/05/16 v1.3 Wrapper for package hooks (HO)
Package: xcolor-patch 2016/05/16 xcolor patch
Package: atveryend 2016/05/16 v1.9 Hooks at the very end of document (HO)
Package atveryend Info: \enddocument detected (standard20110627).
Package hobsub Info: Skipping package `atbegshi' (already loaded).
Package: refcount 2016/05/16 v3.5 Data extraction from label references (HO)
Package: hycolor 2016/05/16 v1.8 Color options for hyperref/bookmark (HO)
)
<<<<<<< HEAD
("C:\Program Files\MiKTeX 2.9\tex\latex\oberdiek\auxhook.sty"
Package: auxhook 2016/05/16 v1.4 Hooks for auxiliary files (HO)
)
("C:\Program Files\MiKTeX 2.9\tex\latex\oberdiek\kvoptions.sty"
=======
(/usr/local/texlive/2018/texmf-dist/tex/latex/oberdiek/auxhook.sty
Package: auxhook 2016/05/16 v1.4 Hooks for auxiliary files (HO)
)
(/usr/local/texlive/2018/texmf-dist/tex/latex/oberdiek/kvoptions.sty
>>>>>>> d4d7fada1e4c2b3a6594ea81a9d096b5e1bce25c
Package: kvoptions 2016/05/16 v3.12 Key value format for package options (HO)
)
\@linkdim=\dimen128
\Hy@linkcounter=\count108
\Hy@pagecounter=\count109

<<<<<<< HEAD
("C:\Program Files\MiKTeX 2.9\tex\latex\hyperref\pd1enc.def"
File: pd1enc.def 2017/03/14 v6.85a Hyperref: PDFDocEncoding definition (HO)
=======
(/usr/local/texlive/2018/texmf-dist/tex/latex/hyperref/pd1enc.def
File: pd1enc.def 2018/02/06 v6.86b Hyperref: PDFDocEncoding definition (HO)
>>>>>>> d4d7fada1e4c2b3a6594ea81a9d096b5e1bce25c
Now handling font encoding PD1 ...
... no UTF-8 mapping file for font encoding PD1
)
\Hy@SavedSpaceFactor=\count110

<<<<<<< HEAD
("C:\Program Files\MiKTeX 2.9\tex\latex\00miktex\hyperref.cfg"
=======
(/usr/local/texlive/2018/texmf-dist/tex/latex/latexconfig/hyperref.cfg
>>>>>>> d4d7fada1e4c2b3a6594ea81a9d096b5e1bce25c
File: hyperref.cfg 2002/06/06 v1.2 hyperref configuration of TeXLive
)
Package hyperref Info: Option `breaklinks' set `true' on input line 4383.
Package hyperref Info: Hyper figures OFF on input line 4509.
Package hyperref Info: Link nesting OFF on input line 4514.
Package hyperref Info: Hyper index ON on input line 4517.
Package hyperref Info: Plain pages OFF on input line 4524.
Package hyperref Info: Backreferencing OFF on input line 4529.
Package hyperref Info: Implicit mode ON; LaTeX internals redefined.
Package hyperref Info: Bookmarks ON on input line 4762.
\c@Hy@tempcnt=\count111

<<<<<<< HEAD
("C:\Program Files\MiKTeX 2.9\tex\latex\url\url.sty"
\Urlmuskip=\muskip11
Package: url 2013/09/16  ver 3.4  Verb mode for urls, etc.
)
LaTeX Info: Redefining \url on input line 5104.
=======
(/usr/local/texlive/2018/texmf-dist/tex/latex/url/url.sty
\Urlmuskip=\muskip11
Package: url 2013/09/16  ver 3.4  Verb mode for urls, etc.
)
LaTeX Info: Redefining \url on input line 5115.
>>>>>>> d4d7fada1e4c2b3a6594ea81a9d096b5e1bce25c
\XeTeXLinkMargin=\dimen129
\Fld@menulength=\count112
\Field@Width=\dimen130
\Fld@charsize=\dimen131
<<<<<<< HEAD
Package hyperref Info: Hyper figures OFF on input line 6358.
Package hyperref Info: Link nesting OFF on input line 6363.
Package hyperref Info: Hyper index ON on input line 6366.
Package hyperref Info: backreferencing OFF on input line 6373.
Package hyperref Info: Link coloring OFF on input line 6378.
Package hyperref Info: Link coloring with OCG OFF on input line 6383.
Package hyperref Info: PDF/A mode OFF on input line 6388.
LaTeX Info: Redefining \ref on input line 6428.
LaTeX Info: Redefining \pageref on input line 6432.
=======
Package hyperref Info: Hyper figures OFF on input line 6369.
Package hyperref Info: Link nesting OFF on input line 6374.
Package hyperref Info: Hyper index ON on input line 6377.
Package hyperref Info: backreferencing OFF on input line 6384.
Package hyperref Info: Link coloring OFF on input line 6389.
Package hyperref Info: Link coloring with OCG OFF on input line 6394.
Package hyperref Info: PDF/A mode OFF on input line 6399.
LaTeX Info: Redefining \ref on input line 6439.
LaTeX Info: Redefining \pageref on input line 6443.
>>>>>>> d4d7fada1e4c2b3a6594ea81a9d096b5e1bce25c
\Hy@abspage=\count113
\c@Item=\count114
\c@Hfootnote=\count115
)
Package hyperref Info: Driver (autodetected): hpdftex.

<<<<<<< HEAD
Package hyperref Message: Driver (autodetected): hpdftex.

("C:\Program Files\MiKTeX 2.9\tex\latex\hyperref\hpdftex.def"
File: hpdftex.def 2017/03/14 v6.85a Hyperref driver for pdfTeX
\Fld@listcount=\count116
\c@bookmark@seq@number=\count117

("C:\Program Files\MiKTeX 2.9\tex\latex\oberdiek\rerunfilecheck.sty"
=======
(/usr/local/texlive/2018/texmf-dist/tex/latex/hyperref/hpdftex.def
File: hpdftex.def 2018/02/06 v6.86b Hyperref driver for pdfTeX
\Fld@listcount=\count116
\c@bookmark@seq@number=\count117

(/usr/local/texlive/2018/texmf-dist/tex/latex/oberdiek/rerunfilecheck.sty
>>>>>>> d4d7fada1e4c2b3a6594ea81a9d096b5e1bce25c
Package: rerunfilecheck 2016/05/16 v1.8 Rerun checks for auxiliary files (HO)
Package uniquecounter Info: New unique counter `rerunfilecheck' on input line 2
82.
)
\Hy@SectionHShift=\skip51
)
<<<<<<< HEAD
("C:\Program Files\MiKTeX 2.9\tex\latex\apacite\apacite.sty"
=======
(/usr/local/texlive/2018/texmf-dist/tex/latex/apacite/apacite.sty
>>>>>>> d4d7fada1e4c2b3a6594ea81a9d096b5e1bce25c
Package: apacite 2013/07/21 v6.03 APA citation
\c@BibCnt=\count118
\bibleftmargin=\skip52
\bibindent=\skip53
\bibparsep=\skip54
\bibitemsep=\skip55
\biblabelsep=\skip56
<<<<<<< HEAD
)
("C:\Program Files\MiKTeX 2.9\tex\latex\was\gensymb.sty"
Package: gensymb 2003/07/02 v1.0 (WaS)
)
("C:\Program Files\MiKTeX 2.9\tex\latex\titlesec\titlesec.sty"
=======
)
(/usr/local/texlive/2018/texmf-dist/tex/latex/was/gensymb.sty
Package: gensymb 2003/07/02 v1.0 (WaS)
)
(/usr/local/texlive/2018/texmf-dist/tex/latex/titlesec/titlesec.sty
>>>>>>> d4d7fada1e4c2b3a6594ea81a9d096b5e1bce25c
Package: titlesec 2016/03/21 v2.10.2 Sectioning titles
\ttl@box=\box31
\beforetitleunit=\skip57
\aftertitleunit=\skip58
\ttl@plus=\dimen132
\ttl@minus=\dimen133
\ttl@toksa=\toks29
\titlewidth=\dimen134
\titlewidthlast=\dimen135
\titlewidthfirst=\dimen136
)
<<<<<<< HEAD
("C:\Program Files\MiKTeX 2.9\tex\latex\tocbibind\tocbibind.sty"
=======
(/usr/local/texlive/2018/texmf-dist/tex/latex/tocbibind/tocbibind.sty
>>>>>>> d4d7fada1e4c2b3a6594ea81a9d096b5e1bce25c
Package: tocbibind 2010/10/13 v1.5k extra ToC listings
Package tocbibind Info: The document has section divisions on input line 50.


Package tocbibind Note: Using section or other style headings.

<<<<<<< HEAD
) ("C:\Program Files\MiKTeX 2.9\tex\latex\listings\listings.sty"
\lst@mode=\count119
\lst@gtempboxa=\box32
=======
) (/usr/local/texlive/2018/texmf-dist/tex/latex/listings/listings.sty
\lst@mode=\count119
\lst@gtempboxa=\box34
>>>>>>> d4d7fada1e4c2b3a6594ea81a9d096b5e1bce25c
\lst@token=\toks30
\lst@length=\count120
\lst@currlwidth=\dimen137
\lst@column=\count121
\lst@pos=\count122
\lst@lostspace=\dimen138
\lst@width=\dimen139
\lst@newlines=\count123
\lst@lineno=\count124
\lst@maxwidth=\dimen140

<<<<<<< HEAD
("C:\Program Files\MiKTeX 2.9\tex\latex\listings\lstmisc.sty"
File: lstmisc.sty 2015/06/04 1.6 (Carsten Heinz)
\c@lstnumber=\count125
\lst@skipnumbers=\count126
\lst@framebox=\box33
=======
(/usr/local/texlive/2018/texmf-dist/tex/latex/listings/lstmisc.sty
File: lstmisc.sty 2015/06/04 1.6 (Carsten Heinz)
\c@lstnumber=\count125
\lst@skipnumbers=\count126
\lst@framebox=\box35
>>>>>>> d4d7fada1e4c2b3a6594ea81a9d096b5e1bce25c
)
(/usr/local/texlive/2018/texmf-dist/tex/latex/listings/listings.cfg
File: listings.cfg 2015/06/04 1.6 listings configuration
))
Package: listings 2015/06/04 1.6 (Carsten Heinz)
<<<<<<< HEAD
 (finaal.aux

! LaTeX Error: Missing \begin{document}.

See the LaTeX manual or LaTeX Companion for explanation.
Type  H <return>  for immediate help.
 ...                                              
                                                  
l.99 <
      <<<<<< HEAD
You're in trouble here.  Try typing  <return>  to proceed.
If that doesn't work, type  X <return>  to quit.


LaTeX Warning: Label `pdf:workplan_def' multiply defined.


LaTeX Warning: Label `pdf:Auto' multiply defined.

)
=======

(./finaal.aux)
>>>>>>> d4d7fada1e4c2b3a6594ea81a9d096b5e1bce25c
\openout1 = `finaal.aux'.

LaTeX Font Info:    Checking defaults for OML/cmm/m/it on input line 41.
LaTeX Font Info:    ... okay on input line 41.
LaTeX Font Info:    Checking defaults for T1/cmr/m/n on input line 41.
LaTeX Font Info:    ... okay on input line 41.
LaTeX Font Info:    Checking defaults for OT1/cmr/m/n on input line 41.
LaTeX Font Info:    ... okay on input line 41.
LaTeX Font Info:    Checking defaults for OMS/cmsy/m/n on input line 41.
LaTeX Font Info:    ... okay on input line 41.
LaTeX Font Info:    Checking defaults for OMX/cmex/m/n on input line 41.
LaTeX Font Info:    ... okay on input line 41.
LaTeX Font Info:    Checking defaults for U/cmr/m/n on input line 41.
LaTeX Font Info:    ... okay on input line 41.
LaTeX Font Info:    Checking defaults for PD1/pdf/m/n on input line 41.
LaTeX Font Info:    ... okay on input line 41.

*geometry* driver: auto-detecting
*geometry* detected driver: pdftex
*geometry* verbose mode - [ preamble ] result:
* driver: pdftex
* paper: <default>
* layout: <same size as paper>
* layoutoffset:(h,v)=(0.0pt,0.0pt)
* modes: 
* h-part:(L,W,R)=(85.35826pt, 443.57848pt, 85.35826pt)
* v-part:(T,H,B)=(85.35826pt, 624.25346pt, 85.35826pt)
* \paperwidth=614.295pt
* \paperheight=794.96999pt
* \textwidth=443.57848pt
* \textheight=624.25346pt
* \oddsidemargin=13.08827pt
* \evensidemargin=13.08827pt
* \topmargin=-23.91173pt
* \headheight=12.0pt
* \headsep=25.0pt
* \topskip=10.0pt
* \footskip=30.0pt
* \marginparwidth=65.0pt
* \marginparsep=11.0pt
* \columnsep=10.0pt
* \skip\footins=9.0pt plus 4.0pt minus 2.0pt
* \hoffset=0.0pt
* \voffset=0.0pt
* \mag=1000
* \@twocolumnfalse
* \@twosidefalse
* \@mparswitchfalse
* \@reversemarginfalse
* (1in=72.27pt=25.4mm, 1cm=28.453pt)

<<<<<<< HEAD
\AtBeginShipoutBox=\box34
("C:\Program Files\MiKTeX 2.9\tex\context\base\supp-pdf.mkii"
Overfull \hbox (62.7993pt too wide) in paragraph at lines 99--13
[]\OT1/cmr/m/n/10 <<<<<<< HEAD          <<<<<<< HEAD ======= =======          >
>>>>>> 1b86a8456ccf6d621224513398155a64cf404b10
 []

[Loading MPS to PDF converter (version 2006.09.02).]
\scratchcounter=\count127
\scratchdimen=\dimen141
\scratchbox=\box35
=======
\AtBeginShipoutBox=\box36
(/usr/local/texlive/2018/texmf-dist/tex/context/base/mkii/supp-pdf.mkii
[Loading MPS to PDF converter (version 2006.09.02).]
\scratchcounter=\count127
\scratchdimen=\dimen141
\scratchbox=\box37
>>>>>>> d4d7fada1e4c2b3a6594ea81a9d096b5e1bce25c
\nofMPsegments=\count128
\nofMParguments=\count129
\everyMPshowfont=\toks31
\MPscratchCnt=\count130
\MPscratchDim=\dimen142
\MPnumerator=\count131
\makeMPintoPDFobject=\count132
\everyMPtoPDFconversion=\toks32
<<<<<<< HEAD
) ("C:\Program Files\MiKTeX 2.9\tex\latex\oberdiek\epstopdf-base.sty"
Package: epstopdf-base 2016/05/15 v2.6 Base part for package epstopdf

("C:\Program Files\MiKTeX 2.9\tex\latex\oberdiek\grfext.sty"
=======
) (/usr/local/texlive/2018/texmf-dist/tex/latex/oberdiek/epstopdf-base.sty
Package: epstopdf-base 2016/05/15 v2.6 Base part for package epstopdf

(/usr/local/texlive/2018/texmf-dist/tex/latex/oberdiek/grfext.sty
>>>>>>> d4d7fada1e4c2b3a6594ea81a9d096b5e1bce25c
Package: grfext 2016/05/16 v1.2 Manage graphics extensions (HO)
)
Package epstopdf-base Info: Redefining graphics rule for `.eps' on input line 4
38.
Package grfext Info: Graphics extension search list:
(grfext)             [.pdf,.png,.jpg,.mps,.jpeg,.jbig2,.jb2,.PDF,.PNG,.JPG,.JPE
G,.JBIG2,.JB2,.eps]
(grfext)             \AppendGraphicsExtensions on input line 456.
<<<<<<< HEAD
)
("C:\Program Files\MiKTeX 2.9\tex\latex\oberdiek\pdflscape.sty"
Package: pdflscape 2016/05/14 v0.11 Display of landscape pages in PDF (HO)

("C:\Program Files\MiKTeX 2.9\tex\latex\graphics\lscape.sty"
=======

(/usr/local/texlive/2018/texmf-dist/tex/latex/latexconfig/epstopdf-sys.cfg
File: epstopdf-sys.cfg 2010/07/13 v1.3 Configuration of (r)epstopdf for TeX Liv
e
))
(/usr/local/texlive/2018/texmf-dist/tex/latex/oberdiek/pdflscape.sty
Package: pdflscape 2016/05/14 v0.11 Display of landscape pages in PDF (HO)

(/usr/local/texlive/2018/texmf-dist/tex/latex/graphics/lscape.sty
>>>>>>> d4d7fada1e4c2b3a6594ea81a9d096b5e1bce25c
Package: lscape 2000/10/22 v3.01 Landscape Pages (DPC)
)
Package pdflscape Info: Auto-detected driver: pdftex on input line 81.
)
Package hyperref Info: Link coloring OFF on input line 41.

<<<<<<< HEAD
("C:\Program Files\MiKTeX 2.9\tex\latex\hyperref\nameref.sty"
Package: nameref 2016/05/21 v2.44 Cross-referencing by name of section

("C:\Program Files\MiKTeX 2.9\tex\generic\oberdiek\gettitlestring.sty"
=======
(/usr/local/texlive/2018/texmf-dist/tex/latex/hyperref/nameref.sty
Package: nameref 2016/05/21 v2.44 Cross-referencing by name of section

(/usr/local/texlive/2018/texmf-dist/tex/generic/oberdiek/gettitlestring.sty
>>>>>>> d4d7fada1e4c2b3a6594ea81a9d096b5e1bce25c
Package: gettitlestring 2016/05/16 v1.5 Cleanup title references (HO)
)
\c@section@level=\count133
)
LaTeX Info: Redefining \ref on input line 41.
LaTeX Info: Redefining \pageref on input line 41.
LaTeX Info: Redefining \nameref on input line 41.

<<<<<<< HEAD
(finaal.out) (finaal.out)
=======
(./finaal.out) (./finaal.out)
>>>>>>> d4d7fada1e4c2b3a6594ea81a9d096b5e1bce25c
\@outlinefile=\write3
\openout3 = `finaal.out'.

\c@maskedRefs=\count134

<<<<<<< HEAD
("C:\Program Files\MiKTeX 2.9\tex\latex\apacite\english.apc"
=======
(/usr/local/texlive/2018/texmf-dist/tex/latex/apacite/english.apc
>>>>>>> d4d7fada1e4c2b3a6594ea81a9d096b5e1bce25c
File: english.apc 2013/07/21 v6.03 apacite language file
LaTeX Info: Redefining \BPBI on input line 129.
LaTeX Info: Redefining \BHBI on input line 130.
)
LaTeX Info: Redefining \celsius on input line 41.
Package gensymb Info: Faking symbols for \degree and \celsius on input line 41.



Package gensymb Warning: Not defining \perthousand.

LaTeX Info: Redefining \ohm on input line 41.
Package gensymb Info: Using \Omega for \ohm on input line 41.

Package gensymb Warning: Not defining \micro.

\c@lstlisting=\count135
<<<<<<< HEAD
<frontpage.pdf, id=70, 597.50786pt x 845.04686pt>
File: frontpage.pdf Graphic file (type pdf)
 <use frontpage.pdf>
Package pdftex.def Info: frontpage.pdf used on input line 43.
=======
<frontpage.pdf, id=111, 597.50786pt x 845.04686pt>
File: frontpage.pdf Graphic file (type pdf)
<use frontpage.pdf>
Package pdftex.def Info: frontpage.pdf  used on input line 43.
>>>>>>> d4d7fada1e4c2b3a6594ea81a9d096b5e1bce25c
(pdftex.def)             Requested size: 597.5064pt x 845.0448pt.
File: frontpage.pdf Graphic file (type pdf)
<use frontpage.pdf>
<<<<<<< HEAD
Package pdftex.def Info: frontpage.pdf used on input line 43.
(pdftex.def)             Requested size: 597.5064pt x 845.0448pt.
 <frontpage.pdf, id=73, page=1, 597.50786pt x 845.04686pt>
=======
Package pdftex.def Info: frontpage.pdf  used on input line 43.
(pdftex.def)             Requested size: 597.5064pt x 845.0448pt.
<frontpage.pdf, id=114, page=1, 597.50786pt x 845.04686pt>
>>>>>>> d4d7fada1e4c2b3a6594ea81a9d096b5e1bce25c
File: frontpage.pdf Graphic file (type pdf)
<use frontpage.pdf, page 1>
<<<<<<< HEAD
Package pdftex.def Info: frontpage.pdf, page1 used on input line 43.
(pdftex.def)             Requested size: 597.5064pt x 845.0448pt.
File: frontpage.pdf Graphic file (type pdf)
 <use frontpage.pdf, page 1>
Package pdftex.def Info: frontpage.pdf, page1 used on input line 43.
(pdftex.def)             Requested size: 562.12244pt x 795.00179pt.
 [1

{C:/ProgramData/MiKTeX/2.9/pdftex/config/pdftex.map}]
File: frontpage.pdf Graphic file (type pdf)
 <use frontpage.pdf, page 1>
Package pdftex.def Info: frontpage.pdf, page1 used on input line 43.
=======
Package pdftex.def Info: frontpage.pdf , page1 used on input line 43.
(pdftex.def)             Requested size: 597.5064pt x 845.0448pt.
File: frontpage.pdf Graphic file (type pdf)
<use frontpage.pdf, page 1>
Package pdftex.def Info: frontpage.pdf , page1 used on input line 43.
(pdftex.def)             Requested size: 562.12244pt x 795.00179pt.
File: frontpage.pdf Graphic file (type pdf)
<use frontpage.pdf, page 1>
Package pdftex.def Info: frontpage.pdf , page1 used on input line 43.
>>>>>>> d4d7fada1e4c2b3a6594ea81a9d096b5e1bce25c
(pdftex.def)             Requested size: 562.12244pt x 795.00179pt.
File: frontpage.pdf Graphic file (type pdf)

<use frontpage.pdf, page 1>
<<<<<<< HEAD
Package pdftex.def Info: frontpage.pdf, page1 used on input line 43.
(pdftex.def)             Requested size: 562.12244pt x 795.00179pt.
File: frontpage.pdf Graphic file (type pdf)
 <use frontpage.pdf, page 1>
Package pdftex.def Info: frontpage.pdf, page1 used on input line 43.
(pdftex.def)             Requested size: 562.12244pt x 795.00179pt.
 [2 <./frontpage.pdf>]
<frontpage.pdf, id=125, page=2, 597.50786pt x 845.04686pt>
=======
Package pdftex.def Info: frontpage.pdf , page1 used on input line 43.
(pdftex.def)             Requested size: 562.12244pt x 795.00179pt.
File: frontpage.pdf Graphic file (type pdf)
<use frontpage.pdf, page 1>
Package pdftex.def Info: frontpage.pdf , page1 used on input line 43.
(pdftex.def)             Requested size: 562.12244pt x 795.00179pt.
[1

 <./frontpage.pdf>]
<frontpage.pdf, id=161, page=2, 597.50786pt x 845.04686pt>
>>>>>>> d4d7fada1e4c2b3a6594ea81a9d096b5e1bce25c
File: frontpage.pdf Graphic file (type pdf)
<use frontpage.pdf, page 2>
<<<<<<< HEAD
Package pdftex.def Info: frontpage.pdf, page2 used on input line 43.
(pdftex.def)             Requested size: 562.12244pt x 795.00179pt.
File: frontpage.pdf Graphic file (type pdf)
 <use frontpage.pdf, page 2>
Package pdftex.def Info: frontpage.pdf, page2 used on input line 43.
=======
Package pdftex.def Info: frontpage.pdf , page2 used on input line 43.
(pdftex.def)             Requested size: 562.12244pt x 795.00179pt.
File: frontpage.pdf Graphic file (type pdf)
<use frontpage.pdf, page 2>
Package pdftex.def Info: frontpage.pdf , page2 used on input line 43.
>>>>>>> d4d7fada1e4c2b3a6594ea81a9d096b5e1bce25c
(pdftex.def)             Requested size: 562.12244pt x 795.00179pt.
File: frontpage.pdf Graphic file (type pdf)
<use frontpage.pdf, page 2>
<<<<<<< HEAD
Package pdftex.def Info: frontpage.pdf, page2 used on input line 43.
(pdftex.def)             Requested size: 562.12244pt x 795.00179pt.
 [3 <./frontpage.pdf>] (finaal.toc
LaTeX Font Info:    Try loading font information for U+msa on input line 6.

("C:\Program Files\MiKTeX 2.9\tex\latex\amsfonts\umsa.fd"
=======
Package pdftex.def Info: frontpage.pdf , page2 used on input line 43.
(pdftex.def)             Requested size: 562.12244pt x 795.00179pt.
 [2 <./frontpage.pdf>] (./finaal.toc
LaTeX Font Info:    Try loading font information for U+msa on input line 6.

(/usr/local/texlive/2018/texmf-dist/tex/latex/amsfonts/umsa.fd
>>>>>>> d4d7fada1e4c2b3a6594ea81a9d096b5e1bce25c
File: umsa.fd 2013/01/14 v3.01 AMS symbols A
)
LaTeX Font Info:    Try loading font information for U+msb on input line 6.

<<<<<<< HEAD
("C:\Program Files\MiKTeX 2.9\tex\latex\amsfonts\umsb.fd"
=======
(/usr/local/texlive/2018/texmf-dist/tex/latex/amsfonts/umsb.fd
>>>>>>> d4d7fada1e4c2b3a6594ea81a9d096b5e1bce25c
File: umsb.fd 2013/01/14 v3.01 AMS symbols B
))
\tf@toc=\write4
\openout4 = `finaal.toc'.

<<<<<<< HEAD
 [1] (finaal.lof
! You can't use `macro parameter character #' in horizontal mode.
<argument> ...algorithm.\def \BCA {########}{1}2##
                                                  ######3{\BCA {########1}{#...
l.6 ...\reserved@d =<\def {\@@par }}}{9}{figure.6}
                                                  
Sorry, but I'm not programmed to handle this case;
I'll just pretend that you didn't ask for it.
If you're in the wrong mode, you might be able to
return to the right one by typing `I}' or `I$' or `I\par'.

! You can't use `macro parameter character #' in horizontal mode.
<argument> ...gorithm.\def \BCA {########}{1}2####
                                                  ####3{\BCA {########1}{###...
l.6 ...\reserved@d =<\def {\@@par }}}{9}{figure.6}
                                                  
Sorry, but I'm not programmed to handle this case;
I'll just pretend that you didn't ask for it.
If you're in the wrong mode, you might be able to
return to the right one by typing `I}' or `I$' or `I\par'.

! You can't use `macro parameter character #' in horizontal mode.
<argument> ...rithm.\def \BCA {########}{1}2######
                                                  ##3{\BCA {########1}{#####...
l.6 ...\reserved@d =<\def {\@@par }}}{9}{figure.6}
                                                  
Sorry, but I'm not programmed to handle this case;
I'll just pretend that you didn't ask for it.
If you're in the wrong mode, you might be able to
return to the right one by typing `I}' or `I$' or `I\par'.

! You can't use `macro parameter character #' in horizontal mode.
<argument> ...thm.\def \BCA {########}{1}2########
                                                  3{\BCA {########1}{#######...
l.6 ...\reserved@d =<\def {\@@par }}}{9}{figure.6}
                                                  
Sorry, but I'm not programmed to handle this case;
I'll just pretend that you didn't ask for it.
If you're in the wrong mode, you might be able to
return to the right one by typing `I}' or `I$' or `I\par'.

! You can't use `macro parameter character #' in horizontal mode.
\BCA ->##
         ##
l.6 ...\reserved@d =<\def {\@@par }}}{9}{figure.6}
                                                  
Sorry, but I'm not programmed to handle this case;
I'll just pretend that you didn't ask for it.
If you're in the wrong mode, you might be able to
return to the right one by typing `I}' or `I$' or `I\par'.

! You can't use `macro parameter character #' in horizontal mode.
\BCA ->####
           
l.6 ...\reserved@d =<\def {\@@par }}}{9}{figure.6}
                                                  
Sorry, but I'm not programmed to handle this case;
I'll just pretend that you didn't ask for it.
If you're in the wrong mode, you might be able to
return to the right one by typing `I}' or `I$' or `I\par'.

! You can't use `macro parameter character #' in horizontal mode.
<argument> ...BCA {########}{1}2########3{\BCA {##
                                                  ######1}{########2}}\def \...
l.6 ...\reserved@d =<\def {\@@par }}}{9}{figure.6}
                                                  
Sorry, but I'm not programmed to handle this case;
I'll just pretend that you didn't ask for it.
If you're in the wrong mode, you might be able to
return to the right one by typing `I}' or `I$' or `I\par'.

! You can't use `macro parameter character #' in horizontal mode.
<argument> ...A {########}{1}2########3{\BCA {####
                                                  ####1}{########2}}\def \BC...
l.6 ...\reserved@d =<\def {\@@par }}}{9}{figure.6}
                                                  
Sorry, but I'm not programmed to handle this case;
I'll just pretend that you didn't ask for it.
If you're in the wrong mode, you might be able to
return to the right one by typing `I}' or `I$' or `I\par'.

! You can't use `macro parameter character #' in horizontal mode.
<argument> ...{########}{1}2########3{\BCA {######
                                                  ##1}{########2}}\def \BCA ...
l.6 ...\reserved@d =<\def {\@@par }}}{9}{figure.6}
                                                  
Sorry, but I'm not programmed to handle this case;
I'll just pretend that you didn't ask for it.
If you're in the wrong mode, you might be able to
return to the right one by typing `I}' or `I$' or `I\par'.

! You can't use `macro parameter character #' in horizontal mode.
<argument> ...#######}{1}2########3{\BCA {########
                                                  1}{########2}}\def \BCA {#...
l.6 ...\reserved@d =<\def {\@@par }}}{9}{figure.6}
                                                  
Sorry, but I'm not programmed to handle this case;
I'll just pretend that you didn't ask for it.
If you're in the wrong mode, you might be able to
return to the right one by typing `I}' or `I$' or `I\par'.

! You can't use `macro parameter character #' in horizontal mode.
<argument> ...##}{1}2########3{\BCA {########1}{##
                                                  ######2}}\def \BCA {######...
l.6 ...\reserved@d =<\def {\@@par }}}{9}{figure.6}
                                                  
Sorry, but I'm not programmed to handle this case;
I'll just pretend that you didn't ask for it.
If you're in the wrong mode, you might be able to
return to the right one by typing `I}' or `I$' or `I\par'.

! You can't use `macro parameter character #' in horizontal mode.
<argument> ...}{1}2########3{\BCA {########1}{####
                                                  ####2}}\def \BCA {########...
l.6 ...\reserved@d =<\def {\@@par }}}{9}{figure.6}
                                                  
Sorry, but I'm not programmed to handle this case;
I'll just pretend that you didn't ask for it.
If you're in the wrong mode, you might be able to
return to the right one by typing `I}' or `I$' or `I\par'.

! You can't use `macro parameter character #' in horizontal mode.
<argument> ...1}2########3{\BCA {########1}{######
                                                  ##2}}\def \BCA {########}{...
l.6 ...\reserved@d =<\def {\@@par }}}{9}{figure.6}
                                                  
Sorry, but I'm not programmed to handle this case;
I'll just pretend that you didn't ask for it.
If you're in the wrong mode, you might be able to
return to the right one by typing `I}' or `I$' or `I\par'.

! You can't use `macro parameter character #' in horizontal mode.
<argument> ...2########3{\BCA {########1}{########
                                                  2}}\def \BCA {########}{1}...
l.6 ...\reserved@d =<\def {\@@par }}}{9}{figure.6}
                                                  
Sorry, but I'm not programmed to handle this case;
I'll just pretend that you didn't ask for it.
If you're in the wrong mode, you might be able to
return to the right one by typing `I}' or `I$' or `I\par'.

! You can't use `macro parameter character #' in horizontal mode.
<argument> ...#######2}}\def \BCA {########}{1}2##
                                                  ######3{\BCA {########1}{#...
l.6 ...\reserved@d =<\def {\@@par }}}{9}{figure.6}
                                                  
Sorry, but I'm not programmed to handle this case;
I'll just pretend that you didn't ask for it.
If you're in the wrong mode, you might be able to
return to the right one by typing `I}' or `I$' or `I\par'.

! You can't use `macro parameter character #' in horizontal mode.
<argument> ...#####2}}\def \BCA {########}{1}2####
                                                  ####3{\BCA {########1}{###...
l.6 ...\reserved@d =<\def {\@@par }}}{9}{figure.6}
                                                  
Sorry, but I'm not programmed to handle this case;
I'll just pretend that you didn't ask for it.
If you're in the wrong mode, you might be able to
return to the right one by typing `I}' or `I$' or `I\par'.

! You can't use `macro parameter character #' in horizontal mode.
<argument> ...###2}}\def \BCA {########}{1}2######
                                                  ##3{\BCA {########1}{#####...
l.6 ...\reserved@d =<\def {\@@par }}}{9}{figure.6}
                                                  
Sorry, but I'm not programmed to handle this case;
I'll just pretend that you didn't ask for it.
If you're in the wrong mode, you might be able to
return to the right one by typing `I}' or `I$' or `I\par'.

! You can't use `macro parameter character #' in horizontal mode.
<argument> ...#2}}\def \BCA {########}{1}2########
                                                  3{\BCA {########1}{#######...
l.6 ...\reserved@d =<\def {\@@par }}}{9}{figure.6}
                                                  
Sorry, but I'm not programmed to handle this case;
I'll just pretend that you didn't ask for it.
If you're in the wrong mode, you might be able to
return to the right one by typing `I}' or `I$' or `I\par'.

! You can't use `macro parameter character #' in horizontal mode.
\BCA ->##
         ##
l.6 ...\reserved@d =<\def {\@@par }}}{9}{figure.6}
                                                  
Sorry, but I'm not programmed to handle this case;
I'll just pretend that you didn't ask for it.
If you're in the wrong mode, you might be able to
return to the right one by typing `I}' or `I$' or `I\par'.

! You can't use `macro parameter character #' in horizontal mode.
\BCA ->####
           
l.6 ...\reserved@d =<\def {\@@par }}}{9}{figure.6}
                                                  
Sorry, but I'm not programmed to handle this case;
I'll just pretend that you didn't ask for it.
If you're in the wrong mode, you might be able to
return to the right one by typing `I}' or `I$' or `I\par'.

! You can't use `macro parameter character #' in horizontal mode.
<argument> ...BCA {########}{1}2########3{\BCA {##
                                                  ######1}{########2}}\def (...
l.6 ...\reserved@d =<\def {\@@par }}}{9}{figure.6}
                                                  
Sorry, but I'm not programmed to handle this case;
I'll just pretend that you didn't ask for it.
If you're in the wrong mode, you might be able to
return to the right one by typing `I}' or `I$' or `I\par'.

! You can't use `macro parameter character #' in horizontal mode.
<argument> ...A {########}{1}2########3{\BCA {####
                                                  ####1}{########2}}\def ({(...
l.6 ...\reserved@d =<\def {\@@par }}}{9}{figure.6}
                                                  
Sorry, but I'm not programmed to handle this case;
I'll just pretend that you didn't ask for it.
If you're in the wrong mode, you might be able to
return to the right one by typing `I}' or `I$' or `I\par'.

! You can't use `macro parameter character #' in horizontal mode.
<argument> ...{########}{1}2########3{\BCA {######
                                                  ##1}{########2}}\def ({(}\...
l.6 ...\reserved@d =<\def {\@@par }}}{9}{figure.6}
                                                  
Sorry, but I'm not programmed to handle this case;
I'll just pretend that you didn't ask for it.
If you're in the wrong mode, you might be able to
return to the right one by typing `I}' or `I$' or `I\par'.

! You can't use `macro parameter character #' in horizontal mode.
<argument> ...#######}{1}2########3{\BCA {########
                                                  1}{########2}}\def ({(}\de...
l.6 ...\reserved@d =<\def {\@@par }}}{9}{figure.6}
                                                  
Sorry, but I'm not programmed to handle this case;
I'll just pretend that you didn't ask for it.
If you're in the wrong mode, you might be able to
return to the right one by typing `I}' or `I$' or `I\par'.

! You can't use `macro parameter character #' in horizontal mode.
<argument> ...##}{1}2########3{\BCA {########1}{##
                                                  ######2}}\def ({(}\def ){)...
l.6 ...\reserved@d =<\def {\@@par }}}{9}{figure.6}
                                                  
Sorry, but I'm not programmed to handle this case;
I'll just pretend that you didn't ask for it.
If you're in the wrong mode, you might be able to
return to the right one by typing `I}' or `I$' or `I\par'.

! You can't use `macro parameter character #' in horizontal mode.
<argument> ...}{1}2########3{\BCA {########1}{####
                                                  ####2}}\def ({(}\def ){)}\...
l.6 ...\reserved@d =<\def {\@@par }}}{9}{figure.6}
                                                  
Sorry, but I'm not programmed to handle this case;
I'll just pretend that you didn't ask for it.
If you're in the wrong mode, you might be able to
return to the right one by typing `I}' or `I$' or `I\par'.

! You can't use `macro parameter character #' in horizontal mode.
<argument> ...1}2########3{\BCA {########1}{######
                                                  ##2}}\def ({(}\def ){)}\le...
l.6 ...\reserved@d =<\def {\@@par }}}{9}{figure.6}
                                                  
Sorry, but I'm not programmed to handle this case;
I'll just pretend that you didn't ask for it.
If you're in the wrong mode, you might be able to
return to the right one by typing `I}' or `I$' or `I\par'.

! You can't use `macro parameter character #' in horizontal mode.
<argument> ...2########3{\BCA {########1}{########
                                                  2}}\def ({(}\def ){)}\let ...
l.6 ...\reserved@d =<\def {\@@par }}}{9}{figure.6}
                                                  
Sorry, but I'm not programmed to handle this case;
I'll just pretend that you didn't ask for it.
If you're in the wrong mode, you might be able to
return to the right one by typing `I}' or `I$' or `I\par'.

! Missing control sequence inserted.
<inserted text> 
                \inaccessible 
l.6 ...\reserved@d =<\def {\@@par }}}{9}{figure.6}
                                                  
Please don't say `\def cs{...}', say `\def\cs{...}'.
I've inserted an inaccessible control sequence so that your
definition will be completed without mixing me up too badly.
You can recover graciously from this error, if you're
careful; see exercise 27.2 in The TeXbook.

! Missing control sequence inserted.
<inserted text> 
                \inaccessible 
l.6 ...\reserved@d =<\def {\@@par }}}{9}{figure.6}
                                                  
Please don't say `\def cs{...}', say `\def\cs{...}'.
I've inserted an inaccessible control sequence so that your
definition will be completed without mixing me up too badly.
You can recover graciously from this error, if you're
careful; see exercise 27.2 in The TeXbook.

! Missing control sequence inserted.
<inserted text> 
                \inaccessible 
l.6 ...\reserved@d =<\def {\@@par }}}{9}{figure.6}
                                                  
Please don't say `\def cs{...}', say `\def\cs{...}'.
I've inserted an inaccessible control sequence so that your
definition will be completed without mixing me up too badly.
You can recover graciously from this error, if you're
careful; see exercise 27.2 in The TeXbook.

)
\tf@lof=\write5
\openout5 = `finaal.lof'.

 [2] <./verslag_figuren/opdracht.png, id=182, 571.53525pt x 428.19975pt>
File: ./verslag_figuren/opdracht.png Graphic file (type png)

<use ./verslag_figuren/opdracht.png>
Package pdftex.def Info: ./verslag_figuren/opdracht.png used on input line 69.
=======
 [1{/usr/local/texlive/2018/texmf-var/fonts/map/pdftex/updmap/pdftex.map}] (./f
inaal.lof)
\tf@lof=\write5
\openout5 = `finaal.lof'.


[2]
Underfull \hbox (badness 10000) in paragraph at lines 59--60

 []

<./verslag_figuren/opdracht.png, id=232, 571.53525pt x 428.19975pt>
File: ./verslag_figuren/opdracht.png Graphic file (type png)
<use ./verslag_figuren/opdracht.png>
Package pdftex.def Info: ./verslag_figuren/opdracht.png  used on input line 73.

>>>>>>> d4d7fada1e4c2b3a6594ea81a9d096b5e1bce25c
(pdftex.def)             Requested size: 310.50357pt x 232.62918pt.

LaTeX Warning: `h' float specifier changed to `ht'.


Underfull \hbox (badness 10000) in paragraph at lines 80--81

 []

pdfTeX warning (ext4): destination with the same identifier (name{page.1}) has 
been already used, duplicate ignored
<to be read again> 
                   \relax 
l.81 \subsection{Hardware components}
                                      [1]
Underfull \hbox (badness 10000) in paragraph at lines 82--83

 []


Underfull \hbox (badness 10000) in paragraph at lines 84--85

 []

pdfTeX warning (ext4): destination with the same identifier (name{page.2}) has 
been already used, duplicate ignored
<to be read again> 
                   \relax 
l.85 
      [2 <./verslag_figuren/opdracht.png>]
Underfull \hbox (badness 10000) in paragraph at lines 86--87

<<<<<<< HEAD
("C:\Program Files\MiKTeX 2.9\tex\latex\base\omscmr.fd"
File: omscmr.fd 2014/09/29 v2.5h Standard LaTeX font definitions
)
LaTeX Font Info:    Font shape `OMS/cmr/m/n' in size <10> not available
(Font)              Font shape `OMS/cmsy/m/n' tried instead on input line 88.
pdfTeX warning (ext4): destination with the same identifier (name{page.3}) has 
been already used, duplicate ignored
<to be read again> 
                   \relax 
l.110 \subsubsection{Choice of method}
                                      \mbox{}\\ [3]
<./verslag_figuren/comparison_methods.png, id=220, 860.013pt x 982.872pt>
File: ./verslag_figuren/comparison_methods.png Graphic file (type png)

<use ./verslag_figuren/comparison_methods.png>
Package pdftex.def Info: ./verslag_figuren/comparison_methods.png used on input
 line 116.
(pdftex.def)             Requested size: 310.50357pt x 354.85347pt.


LaTeX Warning: `h' float specifier changed to `ht'.

<./verslag_figuren/filter_comparison.png, id=224, 913.61325pt x 513.117pt>
=======
 []

LaTeX Font Info:    Try loading font information for OMS+cmr on input line 97.
(/usr/local/texlive/2018/texmf-dist/tex/latex/base/omscmr.fd
File: omscmr.fd 2014/09/29 v2.5h Standard LaTeX font definitions
)
LaTeX Font Info:    Font shape `OMS/cmr/m/n' in size <10> not available
(Font)              Font shape `OMS/cmsy/m/n' tried instead on input line 97.


LaTeX Warning: Citation `threshold' undefined on input line 106.

[3] [4]
<./verslag_figuren/comparison_methods.png, id=274, 860.013pt x 982.872pt>
File: ./verslag_figuren/comparison_methods.png Graphic file (type png)
<use ./verslag_figuren/comparison_methods.png>
Package pdftex.def Info: ./verslag_figuren/comparison_methods.png  used on inpu
t line 125.
(pdftex.def)             Requested size: 310.50357pt x 354.85347pt.
<./verslag_figuren/filter_comparison.png, id=278, 913.61325pt x 513.117pt>
>>>>>>> d4d7fada1e4c2b3a6594ea81a9d096b5e1bce25c
File: ./verslag_figuren/filter_comparison.png Graphic file (type png)
<use ./verslag_figuren/filter_comparison.png>
<<<<<<< HEAD
Package pdftex.def Info: ./verslag_figuren/filter_comparison.png used on input 
line 129.
(pdftex.def)             Requested size: 310.50357pt x 174.38701pt.


LaTeX Warning: `h' float specifier changed to `ht'.

[4]
Overfull \hbox (2.31122pt too wide) in paragraph at lines 154--156
=======
Package pdftex.def Info: ./verslag_figuren/filter_comparison.png  used on input
 line 138.
(pdftex.def)             Requested size: 310.50357pt x 174.38701pt.
 [5 <./verslag_figuren/comparison_methods.png>]
Overfull \hbox (2.31122pt too wide) in paragraph at lines 163--165
>>>>>>> d4d7fada1e4c2b3a6594ea81a9d096b5e1bce25c
\OT1/cmr/m/n/10 After both fil-ters are ap-plied, the im-age is ready to be run
 through an edge de-tec-tion algorithm[][]R. Fisher
 []

<<<<<<< HEAD
[5 <./verslag_figuren/comparison_methods.png>] [6 <./verslag_figuren/filter_com
parison.png>]
<./verslag_figuren/original_and_sobel.png, id=260, 769.4346pt x 206.2104pt>
File: ./verslag_figuren/original_and_sobel.png Graphic file (type png)
=======
[6 <./verslag_figuren/filter_comparison.png>]
Underfull \hbox (badness 10000) in paragraph at lines 175--176
>>>>>>> d4d7fada1e4c2b3a6594ea81a9d096b5e1bce25c

 []

<./verslag_figuren/original_and_sobel.png, id=306, 769.4346pt x 206.2104pt>
File: ./verslag_figuren/original_and_sobel.png Graphic file (type png)
<use ./verslag_figuren/original_and_sobel.png>
<<<<<<< HEAD
Package pdftex.def Info: ./verslag_figuren/original_and_sobel.png used on input
 line 196.
(pdftex.def)             Requested size: 443.57848pt x 118.88155pt.

<./verslag_figuren/sobel_and_threshold.png, id=262, 407.27156pt x 228.855pt>
=======
Package pdftex.def Info: ./verslag_figuren/original_and_sobel.png  used on inpu
t line 205.
(pdftex.def)             Requested size: 443.57848pt x 118.88155pt.

LaTeX Warning: `h' float specifier changed to `ht'.

[7]
<./verslag_figuren/sobel_and_threshold.png, id=314, 407.27156pt x 228.855pt>
>>>>>>> d4d7fada1e4c2b3a6594ea81a9d096b5e1bce25c
File: ./verslag_figuren/sobel_and_threshold.png Graphic file (type png)
<use ./verslag_figuren/sobel_and_threshold.png>
<<<<<<< HEAD
Package pdftex.def Info: ./verslag_figuren/sobel_and_threshold.png used on inpu
t line 206.
(pdftex.def)             Requested size: 266.14978pt x 149.56064pt.


LaTeX Warning: `h' float specifier changed to `ht'.

[7 <./verslag_figuren/original_and_sobel.png>] [8 <./verslag_figuren/sobel_and_
threshold.png>]
<./verslag_figuren/Moore_Neighbor.png, id=289, 206.27063pt x 171.13937pt>
=======
Package pdftex.def Info: ./verslag_figuren/sobel_and_threshold.png  used on inp
ut line 215.
(pdftex.def)             Requested size: 266.14978pt x 149.56064pt.
 [8 <./verslag_figuren/original_and_sobel.png> <./verslag_figuren/sobel_and_thr
eshold.png>] [9]
<./verslag_figuren/Moore_Neighbor.png, id=341, 206.27063pt x 171.13937pt>
>>>>>>> d4d7fada1e4c2b3a6594ea81a9d096b5e1bce25c
File: ./verslag_figuren/Moore_Neighbor.png Graphic file (type png)
<use ./verslag_figuren/Moore_Neighbor.png>
<<<<<<< HEAD
Package pdftex.def Info: ./verslag_figuren/Moore_Neighbor.png used on input lin
e 240.
=======
Package pdftex.def Info: ./verslag_figuren/Moore_Neighbor.png  used on input li
ne 249.
>>>>>>> d4d7fada1e4c2b3a6594ea81a9d096b5e1bce25c
(pdftex.def)             Requested size: 133.07489pt x 110.41145pt.
 [10 <./verslag_figuren/Moore_Neighbor.png>] [11]
(./finaal.bbl
Underfull \hbox (badness 1168) in paragraph at lines 40--52
[]\OT1/cmr/m/n/10 Ghuneim, A. G.  (n.d.[]).  \OT1/cmr/m/it/10 Moore-neighbor tr
ac-ing.  \OT1/cmr/m/n/10 Re-trieved (2018-10-26), from []$\OT1/cmtt/m/n/10 http
 ://
 []

<<<<<<< HEAD
! Illegal parameter number in definition of \reserved@a.
<to be read again> 
                   }
l.241 ...cing algorithm.\cite{Moore_Neighborhood}}
                                                  
You meant to type ## instead of #, right?
Or maybe a } was forgotten somewhere earlier, and things
are all screwed up? I'm going to assume that you meant ##.

! Illegal parameter number in definition of \reserved@a.
<to be read again> 
                   3
l.241 ...cing algorithm.\cite{Moore_Neighborhood}}
                                                  
You meant to type ## instead of #, right?
Or maybe a } was forgotten somewhere earlier, and things
are all screwed up? I'm going to assume that you meant ##.

! Illegal parameter number in definition of \reserved@a.
<to be read again> 
                   1
l.241 ...cing algorithm.\cite{Moore_Neighborhood}}
                                                  
You meant to type ## instead of #, right?
Or maybe a } was forgotten somewhere earlier, and things
are all screwed up? I'm going to assume that you meant ##.

! Illegal parameter number in definition of \reserved@a.
<to be read again> 
                   2
l.241 ...cing algorithm.\cite{Moore_Neighborhood}}
                                                  
You meant to type ## instead of #, right?
Or maybe a } was forgotten somewhere earlier, and things
are all screwed up? I'm going to assume that you meant ##.

! Illegal parameter number in definition of \reserved@a.
<to be read again> 
                   }
l.241 ...cing algorithm.\cite{Moore_Neighborhood}}
                                                  
You meant to type ## instead of #, right?
Or maybe a } was forgotten somewhere earlier, and things
are all screwed up? I'm going to assume that you meant ##.

! Illegal parameter number in definition of \reserved@a.
<to be read again> 
                   3
l.241 ...cing algorithm.\cite{Moore_Neighborhood}}
                                                  
You meant to type ## instead of #, right?
Or maybe a } was forgotten somewhere earlier, and things
are all screwed up? I'm going to assume that you meant ##.

! Illegal parameter number in definition of \reserved@a.
<to be read again> 
                   1
l.241 ...cing algorithm.\cite{Moore_Neighborhood}}
                                                  
You meant to type ## instead of #, right?
Or maybe a } was forgotten somewhere earlier, and things
are all screwed up? I'm going to assume that you meant ##.

! Illegal parameter number in definition of \reserved@a.
<to be read again> 
                   2
l.241 ...cing algorithm.\cite{Moore_Neighborhood}}
                                                  
You meant to type ## instead of #, right?
Or maybe a } was forgotten somewhere earlier, and things
are all screwed up? I'm going to assume that you meant ##.

! Argument of \Hy@tempa has an extra }.
<inserted text> 
                \par 
l.241 ...cing algorithm.\cite{Moore_Neighborhood}}
                                                  
I've run across a `}' that doesn't seem to match anything.
For example, `\def\a#1{...}' and `\a}' would produce
this error. If you simply proceed now, the `\par' that
I've just inserted will cause me to report a runaway
argument that might be the root of the problem. But if
your `}' was spurious, just type `2' and it will go away.

Runaway argument?
\@captype {\@cite }\def \reserved@b {\@cite <>}\futurelet \@let@token \ETC.
! Paragraph ended before \Hy@tempa was complete.
<to be read again> 
                   \par 
l.241 ...cing algorithm.\cite{Moore_Neighborhood}}
                                                  
I suspect you've forgotten a `}', causing me to apply this
control sequence to too much text. How can we recover?
My plan is to forget the whole thing and hope for the best.

[9 <./verslag_figuren/Moore_Neighbor.png>] [10] [11] (finaal.bbl
Underfull \hbox (badness 10000) in paragraph at lines 37--49
=======

Underfull \hbox (badness 10000) in paragraph at lines 40--52
>>>>>>> d4d7fada1e4c2b3a6594ea81a9d096b5e1bce25c
\OT1/cmtt/m/n/10 www [] .imageprocessingplace [] .com / downloads [] []V3 / roo
t [] []downloads / tutorials / contour [] []tracing []
 []

<<<<<<< HEAD
) [12] <workplan_def.pdf, id=331, 597.23125pt x 845.1575pt>
=======
) [12]
<workplan_def.pdf, id=375, 597.23125pt x 845.1575pt>
>>>>>>> d4d7fada1e4c2b3a6594ea81a9d096b5e1bce25c
File: workplan_def.pdf Graphic file (type pdf)
<use workplan_def.pdf>
<<<<<<< HEAD
Package pdftex.def Info: workplan_def.pdf used on input line 274.
(pdftex.def)             Requested size: 597.22978pt x 845.15544pt.
File: workplan_def.pdf Graphic file (type pdf)
 <use workplan_def.pdf>
Package pdftex.def Info: workplan_def.pdf used on input line 274.
(pdftex.def)             Requested size: 597.22978pt x 845.15544pt.

<workplan_def.pdf, id=334, page=1, 597.23125pt x 845.1575pt>
=======
Package pdftex.def Info: workplan_def.pdf  used on input line 285.
(pdftex.def)             Requested size: 597.22978pt x 845.15544pt.
File: workplan_def.pdf Graphic file (type pdf)
<use workplan_def.pdf>
Package pdftex.def Info: workplan_def.pdf  used on input line 285.
(pdftex.def)             Requested size: 597.22978pt x 845.15544pt.
<workplan_def.pdf, id=378, page=1, 597.23125pt x 845.1575pt>
>>>>>>> d4d7fada1e4c2b3a6594ea81a9d096b5e1bce25c
File: workplan_def.pdf Graphic file (type pdf)
<use workplan_def.pdf, page 1>
<<<<<<< HEAD
Package pdftex.def Info: workplan_def.pdf, page1 used on input line 274.
(pdftex.def)             Requested size: 597.22978pt x 845.15544pt.
File: workplan_def.pdf Graphic file (type pdf)
 <use workplan_def.pdf, page 1>
Package pdftex.def Info: workplan_def.pdf, page1 used on input line 274.
=======
Package pdftex.def Info: workplan_def.pdf , page1 used on input line 285.
(pdftex.def)             Requested size: 597.22978pt x 845.15544pt.
File: workplan_def.pdf Graphic file (type pdf)
<use workplan_def.pdf, page 1>
Package pdftex.def Info: workplan_def.pdf , page1 used on input line 285.
>>>>>>> d4d7fada1e4c2b3a6594ea81a9d096b5e1bce25c
(pdftex.def)             Requested size: 477.78564pt x 676.12692pt.
File: workplan_def.pdf Graphic file (type pdf)
<use workplan_def.pdf, page 1>
<<<<<<< HEAD
Package pdftex.def Info: workplan_def.pdf, page1 used on input line 274.
(pdftex.def)             Requested size: 477.78564pt x 676.12692pt.
File: workplan_def.pdf Graphic file (type pdf)
 <use workplan_def.pdf, page 1>
Package pdftex.def Info: workplan_def.pdf, page1 used on input line 274.
=======
Package pdftex.def Info: workplan_def.pdf , page1 used on input line 285.
(pdftex.def)             Requested size: 477.78564pt x 676.12692pt.
File: workplan_def.pdf Graphic file (type pdf)
<use workplan_def.pdf, page 1>
Package pdftex.def Info: workplan_def.pdf , page1 used on input line 285.
>>>>>>> d4d7fada1e4c2b3a6594ea81a9d096b5e1bce25c
(pdftex.def)             Requested size: 477.78564pt x 676.12692pt.
File: workplan_def.pdf Graphic file (type pdf)
<use workplan_def.pdf, page 1>
<<<<<<< HEAD
Package pdftex.def Info: workplan_def.pdf, page1 used on input line 274.
(pdftex.def)             Requested size: 477.78564pt x 676.12692pt.
 [13 <./workplan_def.pdf

pdfTeX warning: pdflatex (file ./workplan_def.pdf): PDF inclusion: invalid othe
r resource which is no dict (key 'ProcSets', type <array>); ignored.
>] ("C:\Program Files\MiKTeX 2.9\tex\latex\listings\lstlang1.sty"
File: lstlang1.sty 2015/06/04 1.6 listings language file
)
Package hyperref Info: bookmark level for unknown lstlisting defaults to 0 on i
nput line 297.
 (threshold.m [14]) [15] (histogram.m
LaTeX Font Info:    Try loading font information for OML+cmr on input line 40.
 ("C:\Program Files\MiKTeX 2.9\tex\latex\base\omlcmr.fd"
=======
Package pdftex.def Info: workplan_def.pdf , page1 used on input line 285.
(pdftex.def)             Requested size: 477.78564pt x 676.12692pt.
 [13 <./workplan_def.pdf

pdfTeX warning: /Library/TeX/texbin/pdflatex (file ./workplan_def.pdf): PDF inc
lusion: invalid other resource which is no dict (key 'ProcSets', type <array>);
 ignored.
>] (/usr/local/texlive/2018/texmf-dist/tex/latex/listings/lstlang1.sty
File: lstlang1.sty 2015/06/04 1.6 listings language file
)
Package hyperref Info: bookmark level for unknown lstlisting defaults to 0 on i
nput line 308.

(./threshold.m [14]) [15] (./histogram.m
LaTeX Font Info:    Try loading font information for OML+cmr on input line 40.

(/usr/local/texlive/2018/texmf-dist/tex/latex/base/omlcmr.fd
>>>>>>> d4d7fada1e4c2b3a6594ea81a9d096b5e1bce25c
File: omlcmr.fd 2014/09/29 v2.5h Standard LaTeX font definitions
)
LaTeX Font Info:    Font shape `OML/cmr/m/n' in size <10> not available
(Font)              Font shape `OML/cmm/m/it' tried instead on input line 40.
<<<<<<< HEAD
 [16] [17] [18]) [19] (image_processing_week4.m [20] [21] [22] [23] [24]
[25] [26]) [27] (testDepth.m) [28] (extra_functionalities.m) [29]

pdfTeX warning: pdflatex (file ./Auto.pdf): PDF inclusion: found PDF version <1
.7>, but at most version <1.5> allowed
<Auto.pdf, id=1073, 614.295pt x 794.97pt>
File: Auto.pdf Graphic file (type pdf)
 <use Auto.pdf>
Package pdftex.def Info: Auto.pdf used on input line 317.
(pdftex.def)             Requested size: 614.29349pt x 794.96806pt.


pdfTeX warning: pdflatex (file ./Auto.pdf): PDF inclusion: found PDF version <1
.7>, but at most version <1.5> allowed
File: Auto.pdf Graphic file (type pdf)
<use Auto.pdf>
Package pdftex.def Info: Auto.pdf used on input line 317.
(pdftex.def)             Requested size: 614.29349pt x 794.96806pt.

=======
 [16] [17]
[18]) [19] (./image_processing_week4.m [20] [21] [22] [23] [24] [25] [26])
[27] (./testDepth.m) [28] (./extra_functionalities.m) [29]

pdfTeX warning: /Library/TeX/texbin/pdflatex (file ./Auto.pdf): PDF inclusion: 
found PDF version <1.7>, but at most version <1.5> allowed
<Auto.pdf, id=1124, 614.295pt x 794.97pt>
File: Auto.pdf Graphic file (type pdf)
<use Auto.pdf>
Package pdftex.def Info: Auto.pdf  used on input line 328.
(pdftex.def)             Requested size: 614.29349pt x 794.96806pt.


pdfTeX warning: /Library/TeX/texbin/pdflatex (file ./Auto.pdf): PDF inclusion: 
found PDF version <1.7>, but at most version <1.5> allowed
File: Auto.pdf Graphic file (type pdf)
<use Auto.pdf>
Package pdftex.def Info: Auto.pdf  used on input line 328.
(pdftex.def)             Requested size: 614.29349pt x 794.96806pt.


pdfTeX warning: /Library/TeX/texbin/pdflatex (file ./Auto.pdf): PDF inclusion: 
found PDF version <1.7>, but at most version <1.5> allowed


pdfTeX warning: /Library/TeX/texbin/pdflatex (file ./Auto.pdf): PDF inclusion: 
found PDF version <1.7>, but at most version <1.5> allowed
<Auto.pdf, id=1127, page=1, 614.295pt x 794.97pt>
File: Auto.pdf Graphic file (type pdf)
<use Auto.pdf, page 1>
Package pdftex.def Info: Auto.pdf , page1 used on input line 328.
(pdftex.def)             Requested size: 614.29349pt x 794.96806pt.
File: Auto.pdf Graphic file (type pdf)
<use Auto.pdf, page 1>
Package pdftex.def Info: Auto.pdf , page1 used on input line 328.
(pdftex.def)             Requested size: 491.43666pt x 635.97687pt.
File: Auto.pdf Graphic file (type pdf)
<use Auto.pdf, page 1>
Package pdftex.def Info: Auto.pdf , page1 used on input line 328.
(pdftex.def)             Requested size: 491.43666pt x 635.97687pt.
File: Auto.pdf Graphic file (type pdf)
<use Auto.pdf, page 1>
Package pdftex.def Info: Auto.pdf , page1 used on input line 328.
(pdftex.def)             Requested size: 491.43666pt x 635.97687pt.
File: Auto.pdf Graphic file (type pdf)
<use Auto.pdf, page 1>
Package pdftex.def Info: Auto.pdf , page1 used on input line 328.
(pdftex.def)             Requested size: 491.43666pt x 635.97687pt.
[30 <./Auto.pdf>]
Package atveryend Info: Empty hook `BeforeClearDocument' on input line 330.
Package atveryend Info: Empty hook `AfterLastShipout' on input line 330.
 (./finaal.aux)
Package atveryend Info: Executing hook `AtVeryEndDocument' on input line 330.
Package atveryend Info: Executing hook `AtEndAfterFileList' on input line 330.
Package rerunfilecheck Info: File `finaal.out' has not changed.
(rerunfilecheck)             Checksum: 8A57809637AC34757D1838751E6F0D6F;1750.
>>>>>>> d4d7fada1e4c2b3a6594ea81a9d096b5e1bce25c


LaTeX Warning: There were undefined references.

<<<<<<< HEAD
pdfTeX warning: pdflatex (file ./Auto.pdf): PDF inclusion: found PDF version <1
.7>, but at most version <1.5> allowed
<Auto.pdf, id=1076, page=1, 614.295pt x 794.97pt>
File: Auto.pdf Graphic file (type pdf)
 <use Auto.pdf, page 1>
Package pdftex.def Info: Auto.pdf, page1 used on input line 317.
(pdftex.def)             Requested size: 614.29349pt x 794.96806pt.
File: Auto.pdf Graphic file (type pdf)

<use Auto.pdf, page 1>
Package pdftex.def Info: Auto.pdf, page1 used on input line 317.
(pdftex.def)             Requested size: 491.43666pt x 635.97687pt.
File: Auto.pdf Graphic file (type pdf)
 <use Auto.pdf, page 1>
Package pdftex.def Info: Auto.pdf, page1 used on input line 317.
(pdftex.def)             Requested size: 491.43666pt x 635.97687pt.
File: Auto.pdf Graphic file (type pdf)
 <use Auto.pdf, page 1>
Package pdftex.def Info: Auto.pdf, page1 used on input line 317.
(pdftex.def)             Requested size: 491.43666pt x 635.97687pt.
File: Auto.pdf Graphic file (type pdf)

<use Auto.pdf, page 1>
Package pdftex.def Info: Auto.pdf, page1 used on input line 317.
(pdftex.def)             Requested size: 491.43666pt x 635.97687pt.
 [30 <./Auto.pdf>]
Package atveryend Info: Empty hook `BeforeClearDocument' on input line 319.
Package atveryend Info: Empty hook `AfterLastShipout' on input line 319.
 (finaal.aux)
Package atveryend Info: Executing hook `AtVeryEndDocument' on input line 319.
Package atveryend Info: Executing hook `AtEndAfterFileList' on input line 319.
Package rerunfilecheck Info: File `finaal.out' has not changed.
(rerunfilecheck)             Checksum: F3077A3EC272C574B8FF9D91ECD18A03;950.


LaTeX Warning: There were multiply-defined labels.

Package atveryend Info: Empty hook `AtVeryVeryEnd' on input line 319.
 ) 
Here is how much of TeX's memory you used:
 12567 strings out of 493320
 174257 string characters out of 3138953
 462638 words of memory out of 3000000
 15170 multiletter control sequences out of 15000+200000
 7824 words of font info for 32 fonts, out of 3000000 for 9000
 1141 hyphenation exceptions out of 8191
 41i,19n,72p,1552b,2325s stack positions out of 5000i,500n,10000p,200000b,50000s
<C:/Program Files/MiKTeX 2.9/fonts/type1/public/amsfonts/cm/cmbx10.pfb><C:/Pr
ogram Files/MiKTeX 2.9/fonts/type1/public/amsfonts/cm/cmbx12.pfb><C:/Program Fi
les/MiKTeX 2.9/fonts/type1/public/amsfonts/cm/cmex10.pfb><C:/Program Files/MiKT
eX 2.9/fonts/type1/public/amsfonts/cm/cmmi10.pfb><C:/Program Files/MiKTeX 2.9/f
onts/type1/public/amsfonts/cm/cmmi7.pfb><C:/Program Files/MiKTeX 2.9/fonts/type
1/public/amsfonts/cm/cmr10.pfb><C:/Program Files/MiKTeX 2.9/fonts/type1/public/
amsfonts/cm/cmr5.pfb><C:/Program Files/MiKTeX 2.9/fonts/type1/public/amsfonts/c
m/cmr7.pfb><C:/Program Files/MiKTeX 2.9/fonts/type1/public/amsfonts/cm/cmsy10.p
fb><C:/Program Files/MiKTeX 2.9/fonts/type1/public/amsfonts/cm/cmsy7.pfb><C:/Pr
ogram Files/MiKTeX 2.9/fonts/type1/public/amsfonts/cm/cmti10.pfb><C:/Program Fi
les/MiKTeX 2.9/fonts/type1/public/amsfonts/cm/cmtt10.pfb><C:/Program Files/MiKT
eX 2.9/fonts/type1/public/eurosym/feymr10.pfb><C:/Program Files/MiKTeX 2.9/font
s/type1/public/amsfonts/symbols/msbm10.pfb>
Output written on finaal.pdf (35 pages, 2732606 bytes).
PDF statistics:
 1295 PDF objects out of 1440 (max. 8388607)
 726 named destinations out of 1000 (max. 500000)
 232 words of extra memory for PDF output out of 10000 (max. 10000000)
=======
Package atveryend Info: Empty hook `AtVeryVeryEnd' on input line 330.
 ) 
Here is how much of TeX's memory you used:
 12176 strings out of 492649
 171883 string characters out of 6129621
 462993 words of memory out of 5000000
 15135 multiletter control sequences out of 15000+600000
 7824 words of font info for 32 fonts, out of 8000000 for 9000
 1141 hyphenation exceptions out of 8191
 41i,19n,72p,1557b,2326s stack positions out of 5000i,500n,10000p,200000b,80000s
pdfTeX warning (dest): name{cite.threshold} has been referenced but does not 
exist, replaced by a fixed one

</usr/local/texlive/2018/texmf-dist/fonts/type1/public/amsfonts/cm/cmbx10.pfb><
/usr/local/texlive/2018/texmf-dist/fonts/type1/public/amsfonts/cm/cmbx12.pfb></
usr/local/texlive/2018/texmf-dist/fonts/type1/public/amsfonts/cm/cmex10.pfb></u
sr/local/texlive/2018/texmf-dist/fonts/type1/public/amsfonts/cm/cmmi10.pfb></us
r/local/texlive/2018/texmf-dist/fonts/type1/public/amsfonts/cm/cmmi7.pfb></usr/
local/texlive/2018/texmf-dist/fonts/type1/public/amsfonts/cm/cmr10.pfb></usr/lo
cal/texlive/2018/texmf-dist/fonts/type1/public/amsfonts/cm/cmr5.pfb></usr/local
/texlive/2018/texmf-dist/fonts/type1/public/amsfonts/cm/cmr7.pfb></usr/local/te
xlive/2018/texmf-dist/fonts/type1/public/amsfonts/cm/cmsy10.pfb></usr/local/tex
live/2018/texmf-dist/fonts/type1/public/amsfonts/cm/cmsy7.pfb></usr/local/texli
ve/2018/texmf-dist/fonts/type1/public/amsfonts/cm/cmti10.pfb></usr/local/texliv
e/2018/texmf-dist/fonts/type1/public/amsfonts/cm/cmtt10.pfb></usr/local/texlive
/2018/texmf-dist/fonts/type1/public/eurosym/feymr10.pfb></usr/local/texlive/201
8/texmf-dist/fonts/type1/public/amsfonts/symbols/msbm10.pfb>
Output written on finaal.pdf (34 pages, 2618050 bytes).
PDF statistics:
 1351 PDF objects out of 1440 (max. 8388607)
 1230 compressed objects within 13 object streams
 727 named destinations out of 1000 (max. 500000)
 312 words of extra memory for PDF output out of 10000 (max. 10000000)
>>>>>>> d4d7fada1e4c2b3a6594ea81a9d096b5e1bce25c

