\BOOKMARK [1][-]{section.1}{Heading on level 1 \(section\)}{}% 1
\BOOKMARK [2][-]{subsection.1.1}{Heading on level 2 \(subsection\)}{section.1}% 2
\BOOKMARK [3][-]{subsubsection.1.1.1}{Heading on level 3 \(subsubsection\)}{subsection.1.1}% 3
\BOOKMARK [1][-]{section.2}{Lists}{}% 4
\BOOKMARK [2][-]{subsection.2.1}{Example for list \(itemize\)}{section.2}% 5
\BOOKMARK [3][-]{subsubsection.2.1.1}{Example for list \(4*itemize\)}{subsection.2.1}% 6
\BOOKMARK [2][-]{subsection.2.2}{Example for list \(enumerate\)}{section.2}% 7
\BOOKMARK [3][-]{subsubsection.2.2.1}{Example for list \(4*enumerate\)}{subsection.2.2}% 8
\BOOKMARK [2][-]{subsection.2.3}{Example for list \(description\)}{section.2}% 9
\BOOKMARK [3][-]{subsubsection.2.3.1}{Example for list \(4*description\)}{subsection.2.3}% 10
\BOOKMARK [1][-]{section*.4}{List of Tables}{}% 11
\BOOKMARK [1][-]{section*.5}{List of Figures}{}% 12
\BOOKMARK [1][-]{section.3}{Introduction}{}% 13
\BOOKMARK [1][-]{section.4}{Problem Description}{}% 14
\BOOKMARK [1][-]{section.5}{Design}{}% 15
\BOOKMARK [2][-]{subsection.5.1}{Hardware}{section.5}% 16
\BOOKMARK [2][-]{subsection.5.2}{Software}{section.5}% 17
\BOOKMARK [3][-]{subsubsection.5.2.1}{Analysis colour image }{subsection.5.2}% 18
\BOOKMARK [3][-]{subsubsection.5.2.2}{Analysis Depth Sensor}{subsection.5.2}% 19
\BOOKMARK [1][-]{section.6}{Implementation}{}% 20
\BOOKMARK [1][-]{section.7}{Further planning}{}% 21
\BOOKMARK [1][-]{section.8}{Budget management}{}% 22
\BOOKMARK [1][-]{section.9}{Course Integration}{}% 23
\BOOKMARK [1][-]{section.10}{Conclusion}{}% 24
\BOOKMARK [1][-]{section.11}{References}{}% 25
\BOOKMARK [1][-]{section.12}{References}{}% 26
\BOOKMARK [1][-]{section.13}{Appendix}{}% 27
